<?xml version="1.0" encoding="UTF-8"?>
<!-- Generated by org.testng.reporters.JUnitReportReporter -->
<testsuite hostname="TYSS-Deepak" failures="0" tests="2" name="pac1.ContactTest" time="0.003" errors="0" timestamp="09 Aug 2023 11:09:32 GMT" skipped="0">
  <testcase classname="pac1.ContactTest" name="modifycontactTest" time="0.000"/>
  <testcase classname="pac1.ContactTest" name="createcontactTest" time="0.003"/>
</testsuite> <!-- pac1.ContactTest -->
